<!--
   Licensed to the Apache Software Foundation (ASF) under one or more
   contributor license agreements.  See the NOTICE file distributed with
   this work for additional information regarding copyright ownership.
   The ASF licenses this file to You under the Apache License, Version 2.0
   (the "License"); you may not use this file except in compliance with
   the License.  You may obtain a copy of the License at

       http://www.apache.org/licenses/LICENSE-2.0

   Unless required by applicable law or agreed to in writing, software
   distributed under the License is distributed on an "AS IS" BASIS,
   WITHOUT WARRANTIES OR CONDITIONS OF ANY KIND, either express or implied.
   See the License for the specific language governing permissions and
   limitations under the License.
-->
<project name="test-testng-test" xmlns:au="antlib:org.apache.ant.antunit">

    <dirname file="${ant.file.test-testng-test}" property="test.dir"/>
    <import file="${test.dir}/../../../common/test-utils.ant"/>

    <target name="clean" description="remove stale build artifacts before / after each test">
        <delete dir="${basedir}" includeemptydirs="true">
            <include name="**/target/**"/>
            <include name="**/lib/**"/>
        </delete>
    </target>

    <target name="setUp" depends="clean"/>
    <target name="tearDown" depends="clean"/>

    <target name="testPassingIntegration" description="test successful compile / run of an integration test">

        <!-- verify test preconditions -->
        <au:assertFileDoesntExist message="test environment is clean" file="${basedir}/target"/>

        <!-- execute run tests and generate reports -->
        <easyant args="-Dtestng.filename=testng-pass.xml" target="integration-test"/>

        <!-- verify test artifacts created -->
        <au:assertFileExists file="${basedir}/target/test/xml/Integration Tests/index.html"/>
    </target>

    <target name="testFailingIntegration" description="test failed compile / run of an integration test">

        <!-- verify test preconditions -->
        <au:assertFileDoesntExist message="test environment is clean" file="${basedir}/target"/>

        <!-- execute run tests and generate reports.  failure is expected. -->
        <easyant success="false" args="-Dtestng.filename=testng-fail.xml" target="integration-test"/>

        <!-- verify test artifacts created -->
        <au:assertFileExists file="${basedir}/target/test/xml/Integration Tests/index.html"/>
    </target>

    <target name="testMixedResults" description="test run with some failure, some success">

        <!-- verify test preconditions -->
        <au:assertFileDoesntExist message="test environment is clean" file="${basedir}/target"/>

        <!-- execute run tests and generate reports.  failure is expected -->
        <easyant success="false" target="integration-test"/>

        <!-- verify test artifacts created -->
        <au:assertFileExists file="${basedir}/target/test/xml/Integration Tests/index.html"/>
    </target>

</project>
