<!--
	Copyright 2008-2010 the EasyAnt project

	See the NOTICE file distributed with this work for additional information
	regarding copyright ownership.

	Licensed under the Apache License, Version 2.0 (the "License");
	you may not use this file except in compliance with the License.
	You may obtain a copy of the License at

	http://www.apache.org/licenses/LICENSE-2.0

	Unless required by applicable law or agreed to in writing, software
	distributed under the License is distributed on an "AS IS" BASIS,
	WITHOUT WARRANTIES OR CONDITIONS OF ANY KIND, either express or implied.
	See the License for the specific language governing permissions and
	limitations under the License.
-->
<project name="test-junit-test" xmlns:au="antlib:org.apache.ant.antunit">

	<dirname file="${ant.file.test-junit-test}" property="test.dir"/>
	<import file="${test.dir}/../../../common/test-utils.ant"/>

	<target name="clean" description="remove stale build artifacts before / after each test">
		<delete dir="${basedir}" includeemptydirs="true">
			<include name="**/target/**"/>
			<include name="**/lib/**"/>
		</delete>
	</target>

	<target name="setUp" depends="clean"/>
	<target name="tearDown" depends="clean"/>

	<target name="testPassingIntegration" description="test successful compile / run of an integration test">

		<!-- verify test preconditions -->
		<au:assertFileDoesntExist message="test environment is clean" file="${test.dir}/integrationTest/target"/>

        <!-- execute run tests and generate reports -->
        <easyant dir="${test.dir}/integrationTest" args="-Dtest.integration.run.includes.pattern=**/PassingIntegrationTest.class"
                 target="integration-test"/>

		<!-- verify test artifacts created -->
        <au:assertFileDoesntExist message="only requested test was run" file="${test.dir}/integrationTest/target/test/xml/TEST-org.apache.easyant.FailingIntegrationTest.xml"/>
        <au:assertFileExists message="only requested test was run" file="${test.dir}/integrationTest/target/test/xml/TEST-org.apache.easyant.PassingIntegrationTest.xml"/>
	</target>

    <target name="testFailingIntegration" description="test failed compile / run of an integration test">

        <!-- verify test preconditions -->
        <au:assertFileDoesntExist message="test environment is clean" file="${test.dir}/integrationTest${test.dir}/integrationTest/target"/>

        <!-- execute run tests and generate reports.  failure is expected. -->
        <easyant dir="${test.dir}/integrationTest" args="-Dtest.integration.run.includes.pattern=**/FailingIntegrationTest.class"
                 success="false" target="integration-test"/>

        <!-- verify test artifacts created -->
        <au:assertFileExists message="only requested test was run" file="${test.dir}/integrationTest/target/test/xml/TEST-org.apache.easyant.FailingIntegrationTest.xml"/>
        <au:assertFileDoesntExist message="only requested test was run" file="${test.dir}/integrationTest/target/test/xml/TEST-org.apache.easyant.PassingIntegrationTest.xml"/>
    </target>

    <target name="testMixedResults" description="test run with some failure, some success">

        <!-- verify test preconditions -->
        <au:assertFileDoesntExist message="test environment is clean" file="${test.dir}/integrationTest/target"/>

        <!-- execute run tests and generate reports.  failure is expected -->
        <easyant dir="${test.dir}/integrationTest" success="false" target="integration-test"/>

        <!-- verify test artifacts created -->
        <au:assertFileExists message="all tests were run" file="${test.dir}/integrationTest/target/test/xml/TEST-org.apache.easyant.FailingIntegrationTest.xml"/>
        <au:assertFileExists message="all tests were run" file="${test.dir}/integrationTest/target/test/xml/TEST-org.apache.easyant.PassingIntegrationTest.xml"/>
    </target>

    <target name="testJarTestCases" description="test the ability to run unit tests from a jar">

        <!-- verify test preconditions -->
        <au:assertFileDoesntExist message="test environment is clean" file="${test.dir}/testJar/definesTest/target"/>
        <au:assertFileDoesntExist message="test environment is clean" file="${test.dir}/testJar/runsTest/target"/>

        <!-- execute run tests and generate reports.  failure is expected -->
        <easyant dir="${test.dir}/testJar" target="package test"/>

        <!-- verify test artifacts created -->
        <au:assertFileExists message="tests were run in source module" file="${test.dir}/testJar/definesTest/target/test/xml/TEST-org.apache.easyant.SimpleTest.xml"/>
        <au:assertFileExists message="tests were also run from jar in downstream module" file="${test.dir}/testJar/runsTest//target/test/xml/TEST-org.apache.easyant.SimpleTest.xml"/>

    </target>

</project>